<?xml version="1.0" encoding="UTF-8"?>
<testsuite name="BasicsTest" tests="5" skipped="0" failures="0" errors="0" timestamp="2022-09-18T23:30:00" hostname="DESKTOP-0FFT5A0" time="0.039">
  <properties/>
  <testcase name="testTask1" classname="BasicsTest" time="0.028"/>
  <testcase name="testTask2" classname="BasicsTest" time="0.002"/>
  <testcase name="testTask3" classname="BasicsTest" time="0.003"/>
  <testcase name="testTask4" classname="BasicsTest" time="0.001"/>
  <testcase name="testTask5" classname="BasicsTest" time="0.002"/>
  <system-out><![CDATA[]]></system-out>
  <system-err><![CDATA[]]></system-err>
</testsuite>
